<?xml version="1.0" encoding="UTF-8"?>
<testng-results skipped="0" failed="0" total="1" passed="1">
  <reporter-output>
  </reporter-output>
  <suite name="Default suite" duration-ms="19765" started-at="2019-12-20T14:14:33Z" finished-at="2019-12-20T14:14:53Z">
    <groups>
    </groups>
    <test name="Default test" duration-ms="19765" started-at="2019-12-20T14:14:33Z" finished-at="2019-12-20T14:14:53Z">
      <class name="bank.qa.testcases.BankHomePageTest">
        <test-method status="PASS" signature="setup()[pri:0, instance:bank.qa.testcases.BankHomePageTest@2d6e8792]" name="setup" is-config="true" duration-ms="18831" started-at="2019-12-20T19:44:33Z" finished-at="2019-12-20T19:44:52Z">
          <reporter-output>
          </reporter-output>
        </test-method> <!-- setup -->
        <test-method status="PASS" signature="verifyHomePageTitleTest()[pri:0, instance:bank.qa.testcases.BankHomePageTest@2d6e8792]" name="verifyHomePageTitleTest" duration-ms="28" started-at="2019-12-20T19:44:52Z" finished-at="2019-12-20T19:44:52Z">
          <reporter-output>
          </reporter-output>
        </test-method> <!-- verifyHomePageTitleTest -->
        <test-method status="PASS" signature="tearDown()[pri:0, instance:bank.qa.testcases.BankHomePageTest@2d6e8792]" name="tearDown" is-config="true" duration-ms="874" started-at="2019-12-20T19:44:52Z" finished-at="2019-12-20T19:44:53Z">
          <reporter-output>
          </reporter-output>
        </test-method> <!-- tearDown -->
      </class> <!-- bank.qa.testcases.BankHomePageTest -->
    </test> <!-- Default test -->
  </suite> <!-- Default suite -->
</testng-results>
